\BOOKMARK [1][]{section*.4}{\376\377\000A\000b\000b\000i\000l\000d\000u\000n\000g\000s\000v\000e\000r\000z\000e\000i\000c\000h\000n\000i\000s}{}% 1
\BOOKMARK [1][]{section*.5}{\376\377\000A\000b\000k\000\374\000r\000z\000u\000n\000g\000s\000v\000e\000r\000z\000e\000i\000c\000h\000n\000i\000s}{}% 2
\BOOKMARK [1][]{section*.6}{\376\377\000V\000e\000r\000s\000u\000c\000h\000s\000a\000n\000l\000e\000i\000t\000u\000n\000g}{}% 3
\BOOKMARK [1][]{section.1}{\376\377\000V\000o\000r\000b\000e\000r\000e\000i\000t\000u\000n\000g\000\040\000d\000e\000s\000\040\000V\000e\000r\000s\000u\000c\000h\000e\000s}{}% 4
\BOOKMARK [2][]{subsection.1.1}{\376\377\000Z\000i\000e\000l\000\040\000u\000n\000d\000\040\000A\000b\000g\000r\000e\000n\000z\000u\000n\000g\000\040\000d\000e\000s\000\040\000V\000e\000r\000s\000u\000c\000h\000e\000s}{section.1}% 5
\BOOKMARK [2][]{subsection.1.2}{\376\377\000T\000h\000e\000o\000r\000e\000t\000i\000s\000c\000h\000e\000V\000o\000r\000a\000u\000s\000s\000e\000t\000z\000u\000n\000g\000e\000n}{section.1}% 6
\BOOKMARK [2][]{subsection.1.3}{\376\377\000V\000o\000r\000b\000e\000r\000e\000i\000t\000e\000n\000d\000e\000\040\000A\000u\000f\000g\000a\000b\000e\000n}{section.1}% 7
\BOOKMARK [3][]{subsubsection.1.3.1}{\376\377\000B\000e\000g\000r\000i\000f\000f\000e}{subsection.1.3}% 8
\BOOKMARK [3][]{subsubsection.1.3.2}{\376\377\000T\000i\000e\000f\000p\000a\000s\000s\000\040\000\050\000p\000r\000o\000p\000o\000r\000t\000i\000n\000a\000l\000e\000s\000\040\000S\000y\000s\000t\000e\000m\000\040\000m\000i\000t\000\040\000V\000e\000r\000z\000\366\000g\000e\000r\000u\000n\000g\000\051}{subsection.1.3}% 9
\BOOKMARK [3][]{subsubsection.1.3.3}{\376\377\000H\000o\000c\000h\000p\000a\000s\000s\000\040\000\050\000d\000i\000f\000f\000e\000r\000e\000n\000z\000i\000e\000r\000e\000n\000d\000e\000s\000\040\000\334\000b\000e\000r\000t\000r\000a\000g\000u\000n\000g\000s\000g\000l\000i\000e\000d\000\040\000m\000i\000t\000\040\000V\000e\000r\000z\000\366\000g\000e\000r\000u\000n\000g\000\051}{subsection.1.3}% 10
\BOOKMARK [3][]{subsubsection.1.3.4}{\376\377\000S\000c\000h\000w\000i\000n\000g\000k\000r\000e\000i\000s}{subsection.1.3}% 11
\BOOKMARK [1][]{section.2}{\376\377\000D\000u\000r\000c\000h\000f\000\374\000h\000r\000u\000n\000g\000\040\000d\000e\000s\000\040\000V\000e\000r\000s\000u\000c\000h\000s}{}% 12
\BOOKMARK [2][]{subsection.2.1}{\376\377\000V\000e\000r\000s\000u\000c\000h\000s\000e\000i\000n\000r\000i\000c\000h\000t\000u\000n\000g}{section.2}% 13
\BOOKMARK [2][]{subsection.2.2}{\376\377\000M\000e\000t\000h\000o\000d\000i\000s\000c\000h\000e\000\040\000H\000i\000n\000w\000e\000i\000s\000e}{section.2}% 14
\BOOKMARK [2][]{subsection.2.3}{\376\377\000A\000u\000f\000g\000a\000b\000e\000n\000s\000t\000e\000l\000l\000u\000n\000g}{section.2}% 15
\BOOKMARK [3][]{subsubsection.2.3.1}{\376\377\000T\000i\000e\000f\000p\000a\000s\000s\000\040\000\050\000p\000r\000o\000p\000o\000r\000t\000i\000n\000a\000l\000e\000s\000\040\000S\000y\000s\000t\000e\000m\000\040\000m\000i\000t\000\040\000V\000e\000r\000z\000\366\000g\000e\000r\000u\000n\000g\000\051}{subsection.2.3}% 16
\BOOKMARK [3][]{subsubsection.2.3.2}{\376\377\000H\000o\000c\000h\000p\000a\000s\000s\000\040\000\050\000d\000i\000f\000f\000e\000r\000e\000n\000z\000i\000e\000r\000e\000n\000d\000e\000s\000\040\000\334\000b\000e\000r\000t\000r\000a\000g\000u\000n\000g\000s\000g\000l\000i\000e\000d\000\040\000m\000i\000t\000\040\000V\000e\000r\000z\000\366\000g\000e\000r\000u\000n\000g\000\051}{subsection.2.3}% 17
\BOOKMARK [3][]{subsubsection.2.3.3}{\376\377\000S\000c\000h\000w\000i\000n\000g\000k\000r\000e\000i\000s}{subsection.2.3}% 18
\BOOKMARK [1][]{section.3}{\376\377\000A\000u\000s\000w\000e\000r\000t\000u\000n\000g}{}% 19
\BOOKMARK [2][]{subsection.3.1}{\376\377\000T\000i\000e\000f\000p\000a\000s\000s\000\040\000\050\000p\000r\000o\000p\000o\000r\000t\000i\000n\000a\000l\000e\000s\000\040\000S\000y\000s\000t\000e\000m\000\040\000m\000i\000t\000\040\000V\000e\000r\000z\000\366\000g\000e\000r\000u\000n\000g\000\051}{section.3}% 20
\BOOKMARK [2][]{subsection.3.2}{\376\377\000H\000o\000c\000h\000p\000a\000s\000s\000\040\000\050\000d\000i\000f\000f\000e\000r\000e\000n\000z\000i\000e\000r\000e\000n\000d\000e\000s\000\040\000\334\000b\000e\000r\000t\000r\000a\000g\000u\000n\000g\000s\000g\000l\000i\000e\000d\000\040\000m\000i\000t\000\040\000V\000e\000r\000z\000\366\000g\000e\000r\000u\000n\000g\000\051}{section.3}% 21
\BOOKMARK [2][]{subsection.3.3}{\376\377\000S\000c\000h\000w\000i\000n\000g\000k\000r\000e\000i\000s}{section.3}% 22
